2023-01-23 16:15:04,805 [Worker-0: Loading available Gradle versions] INFO  o.e.b.c.i.u.g.PublishedGradleVersions - Gradle version information cache is up-to-date. Trying to read.
2023-01-23 16:29:49,741 [Worker-13: Creating project "ExcelUtility"] INFO  o.e.m.c.i.l.LifecycleMappingFactory - Using org.eclipse.m2e.jdt.JarLifecycleMapping lifecycle mapping for MavenProject: ExcelUtility:ExcelUtility:0.0.1-SNAPSHOT @ C:\Users\Eric\Desktop\JavaMavenProj\ExcelUtility\pom.xml.
2023-01-23 16:29:50,814 [Worker-13: Creating project "ExcelUtility"] INFO  o.e.m.j.i.AbstractJavaProjectConfigurator - Adding source folder /ExcelUtility/src/main/java
2023-01-23 16:29:50,820 [Worker-13: Creating project "ExcelUtility"] INFO  o.e.m.j.i.AbstractJavaProjectConfigurator - Adding resource folder /ExcelUtility/src/main/resources
2023-01-23 16:29:50,827 [Worker-13: Creating project "ExcelUtility"] INFO  o.e.m.j.i.AbstractJavaProjectConfigurator - Adding source folder /ExcelUtility/src/test/java
2023-01-23 16:29:50,828 [Worker-13: Creating project "ExcelUtility"] INFO  o.e.m.j.i.AbstractJavaProjectConfigurator - Adding resource folder /ExcelUtility/src/test/resources
2023-01-23 16:30:01,957 [Worker-0: Building] WARN  o.e.m.c.i.embedder.EclipseLogger - Using platform encoding (Cp1252 actually) to copy filtered resources, i.e. build is platform dependent!
2023-01-23 16:30:01,965 [Worker-0: Building] INFO  o.e.m.c.i.embedder.EclipseLogger - Copying 0 resource
2023-01-23 16:30:01,974 [Worker-0: Building] WARN  o.e.m.c.i.embedder.EclipseLogger - Using platform encoding (Cp1252 actually) to copy filtered resources, i.e. build is platform dependent!
2023-01-23 16:30:01,979 [Worker-0: Building] INFO  o.e.m.c.i.embedder.EclipseLogger - Copying 0 resource
2023-01-23 16:35:05,573 [Worker-17: Building] INFO  o.e.m.c.i.l.LifecycleMappingFactory - Using org.eclipse.m2e.jdt.JarLifecycleMapping lifecycle mapping for MavenProject: ExcelUtility:ExcelUtility:0.0.1-SNAPSHOT @ C:\Users\Eric\Desktop\JavaMavenProj\ExcelUtility\pom.xml.
2023-01-23 16:35:08,772 [Worker-17: Building] WARN  o.e.m.c.i.embedder.EclipseLogger - Using platform encoding (Cp1252 actually) to copy filtered resources, i.e. build is platform dependent!
2023-01-23 16:35:08,776 [Worker-17: Building] INFO  o.e.m.c.i.embedder.EclipseLogger - Copying 0 resource
2023-01-23 16:35:08,817 [Worker-17: Building] WARN  o.e.m.c.i.embedder.EclipseLogger - Using platform encoding (Cp1252 actually) to copy filtered resources, i.e. build is platform dependent!
2023-01-23 16:35:08,820 [Worker-17: Building] INFO  o.e.m.c.i.embedder.EclipseLogger - Copying 0 resource
2023-01-23 16:35:10,966 [Worker-17: Building] WARN  o.e.m.c.i.embedder.EclipseLogger - Using platform encoding (Cp1252 actually) to copy filtered resources, i.e. build is platform dependent!
2023-01-23 16:35:11,047 [Worker-17: Building] INFO  o.e.m.c.i.embedder.EclipseLogger - Copying 0 resource
2023-01-23 16:35:11,060 [Worker-17: Building] WARN  o.e.m.c.i.embedder.EclipseLogger - Using platform encoding (Cp1252 actually) to copy filtered resources, i.e. build is platform dependent!
2023-01-23 16:35:11,061 [Worker-17: Building] INFO  o.e.m.c.i.embedder.EclipseLogger - Copying 0 resource
2023-01-23 16:37:02,989 [Worker-16: Building] WARN  o.e.m.c.i.embedder.EclipseLogger - Using platform encoding (Cp1252 actually) to copy filtered resources, i.e. build is platform dependent!
2023-01-23 16:37:02,993 [Worker-16: Building] INFO  o.e.m.c.i.embedder.EclipseLogger - Copying 0 resource
2023-01-23 16:37:02,997 [Worker-16: Building] WARN  o.e.m.c.i.embedder.EclipseLogger - Using platform encoding (Cp1252 actually) to copy filtered resources, i.e. build is platform dependent!
2023-01-23 16:37:03,000 [Worker-16: Building] INFO  o.e.m.c.i.embedder.EclipseLogger - Copying 0 resource
2023-01-23 16:37:47,930 [Worker-16: Building] WARN  o.e.m.c.i.embedder.EclipseLogger - Using platform encoding (Cp1252 actually) to copy filtered resources, i.e. build is platform dependent!
2023-01-23 16:37:47,936 [Worker-16: Building] INFO  o.e.m.c.i.embedder.EclipseLogger - Copying 0 resource
2023-01-23 16:37:47,943 [Worker-16: Building] WARN  o.e.m.c.i.embedder.EclipseLogger - Using platform encoding (Cp1252 actually) to copy filtered resources, i.e. build is platform dependent!
2023-01-23 16:37:47,958 [Worker-16: Building] INFO  o.e.m.c.i.embedder.EclipseLogger - Copying 0 resource
2023-01-23 16:37:48,976 [Worker-22: Building] WARN  o.e.m.c.i.embedder.EclipseLogger - Using platform encoding (Cp1252 actually) to copy filtered resources, i.e. build is platform dependent!
2023-01-23 16:37:48,977 [Worker-22: Building] INFO  o.e.m.c.i.embedder.EclipseLogger - Copying 0 resource
2023-01-23 16:37:48,980 [Worker-22: Building] WARN  o.e.m.c.i.embedder.EclipseLogger - Using platform encoding (Cp1252 actually) to copy filtered resources, i.e. build is platform dependent!
2023-01-23 16:37:48,981 [Worker-22: Building] INFO  o.e.m.c.i.embedder.EclipseLogger - Copying 0 resource
2023-01-23 16:39:12,390 [Worker-18: Building] WARN  o.e.m.c.i.embedder.EclipseLogger - Using platform encoding (Cp1252 actually) to copy filtered resources, i.e. build is platform dependent!
2023-01-23 16:39:12,397 [Worker-18: Building] INFO  o.e.m.c.i.embedder.EclipseLogger - Copying 0 resource
2023-01-23 16:39:12,403 [Worker-18: Building] WARN  o.e.m.c.i.embedder.EclipseLogger - Using platform encoding (Cp1252 actually) to copy filtered resources, i.e. build is platform dependent!
2023-01-23 16:39:12,404 [Worker-18: Building] INFO  o.e.m.c.i.embedder.EclipseLogger - Copying 0 resource
2023-01-23 16:44:50,858 [Worker-22: Building] WARN  o.e.m.c.i.embedder.EclipseLogger - Using platform encoding (Cp1252 actually) to copy filtered resources, i.e. build is platform dependent!
2023-01-23 16:44:50,862 [Worker-22: Building] INFO  o.e.m.c.i.embedder.EclipseLogger - Copying 0 resource
2023-01-23 16:44:50,868 [Worker-22: Building] WARN  o.e.m.c.i.embedder.EclipseLogger - Using platform encoding (Cp1252 actually) to copy filtered resources, i.e. build is platform dependent!
2023-01-23 16:44:50,869 [Worker-22: Building] INFO  o.e.m.c.i.embedder.EclipseLogger - Copying 0 resource
2023-01-23 16:58:45,442 [Worker-23: Launching ExcelUtils] WARN  o.e.m.c.i.embedder.EclipseLogger - Using platform encoding (Cp1252 actually) to copy filtered resources, i.e. build is platform dependent!
2023-01-23 16:58:45,445 [Worker-23: Launching ExcelUtils] INFO  o.e.m.c.i.embedder.EclipseLogger - Copying 0 resource
2023-01-23 16:58:45,451 [Worker-23: Launching ExcelUtils] WARN  o.e.m.c.i.embedder.EclipseLogger - Using platform encoding (Cp1252 actually) to copy filtered resources, i.e. build is platform dependent!
2023-01-23 16:58:45,454 [Worker-23: Launching ExcelUtils] INFO  o.e.m.c.i.embedder.EclipseLogger - Copying 0 resource
2023-01-23 17:12:13,295 [Worker-29: Launching ExcelUtils] WARN  o.e.m.c.i.embedder.EclipseLogger - Using platform encoding (Cp1252 actually) to copy filtered resources, i.e. build is platform dependent!
2023-01-23 17:12:13,296 [Worker-29: Launching ExcelUtils] INFO  o.e.m.c.i.embedder.EclipseLogger - Copying 0 resource
2023-01-23 17:12:13,302 [Worker-29: Launching ExcelUtils] WARN  o.e.m.c.i.embedder.EclipseLogger - Using platform encoding (Cp1252 actually) to copy filtered resources, i.e. build is platform dependent!
2023-01-23 17:12:13,306 [Worker-29: Launching ExcelUtils] INFO  o.e.m.c.i.embedder.EclipseLogger - Copying 0 resource
2023-01-23 17:17:30,589 [Worker-26: Launching ExcelUtils] WARN  o.e.m.c.i.embedder.EclipseLogger - Using platform encoding (Cp1252 actually) to copy filtered resources, i.e. build is platform dependent!
2023-01-23 17:17:30,591 [Worker-26: Launching ExcelUtils] INFO  o.e.m.c.i.embedder.EclipseLogger - Copying 0 resource
2023-01-23 17:17:30,594 [Worker-26: Launching ExcelUtils] WARN  o.e.m.c.i.embedder.EclipseLogger - Using platform encoding (Cp1252 actually) to copy filtered resources, i.e. build is platform dependent!
2023-01-23 17:17:30,601 [Worker-26: Launching ExcelUtils] INFO  o.e.m.c.i.embedder.EclipseLogger - Copying 0 resource
2023-01-23 17:19:06,226 [Worker-32: Launching ExcelUtils] WARN  o.e.m.c.i.embedder.EclipseLogger - Using platform encoding (Cp1252 actually) to copy filtered resources, i.e. build is platform dependent!
2023-01-23 17:19:06,228 [Worker-32: Launching ExcelUtils] INFO  o.e.m.c.i.embedder.EclipseLogger - Copying 0 resource
2023-01-23 17:19:06,232 [Worker-32: Launching ExcelUtils] WARN  o.e.m.c.i.embedder.EclipseLogger - Using platform encoding (Cp1252 actually) to copy filtered resources, i.e. build is platform dependent!
2023-01-23 17:19:06,233 [Worker-32: Launching ExcelUtils] INFO  o.e.m.c.i.embedder.EclipseLogger - Copying 0 resource
2023-01-23 17:34:42,899 [Worker-37: Launching ExcelUtils] WARN  o.e.m.c.i.embedder.EclipseLogger - Using platform encoding (Cp1252 actually) to copy filtered resources, i.e. build is platform dependent!
2023-01-23 17:34:42,901 [Worker-37: Launching ExcelUtils] INFO  o.e.m.c.i.embedder.EclipseLogger - Copying 0 resource
2023-01-23 17:34:42,906 [Worker-37: Launching ExcelUtils] WARN  o.e.m.c.i.embedder.EclipseLogger - Using platform encoding (Cp1252 actually) to copy filtered resources, i.e. build is platform dependent!
2023-01-23 17:34:42,908 [Worker-37: Launching ExcelUtils] INFO  o.e.m.c.i.embedder.EclipseLogger - Copying 0 resource
2023-01-23 17:44:47,617 [Worker-42: Launching ExcelUtils] WARN  o.e.m.c.i.embedder.EclipseLogger - Using platform encoding (Cp1252 actually) to copy filtered resources, i.e. build is platform dependent!
2023-01-23 17:44:47,619 [Worker-42: Launching ExcelUtils] INFO  o.e.m.c.i.embedder.EclipseLogger - Copying 0 resource
2023-01-23 17:44:47,622 [Worker-42: Launching ExcelUtils] WARN  o.e.m.c.i.embedder.EclipseLogger - Using platform encoding (Cp1252 actually) to copy filtered resources, i.e. build is platform dependent!
2023-01-23 17:44:47,624 [Worker-42: Launching ExcelUtils] INFO  o.e.m.c.i.embedder.EclipseLogger - Copying 0 resource
2023-01-23 17:45:41,571 [Worker-37: Launching ExcelUtils] WARN  o.e.m.c.i.embedder.EclipseLogger - Using platform encoding (Cp1252 actually) to copy filtered resources, i.e. build is platform dependent!
2023-01-23 17:45:41,573 [Worker-37: Launching ExcelUtils] INFO  o.e.m.c.i.embedder.EclipseLogger - Copying 0 resource
2023-01-23 17:45:41,578 [Worker-37: Launching ExcelUtils] WARN  o.e.m.c.i.embedder.EclipseLogger - Using platform encoding (Cp1252 actually) to copy filtered resources, i.e. build is platform dependent!
2023-01-23 17:45:41,580 [Worker-37: Launching ExcelUtils] INFO  o.e.m.c.i.embedder.EclipseLogger - Copying 0 resource
2023-01-23 17:50:47,336 [Worker-45: Launching ExcelUtils] WARN  o.e.m.c.i.embedder.EclipseLogger - Using platform encoding (Cp1252 actually) to copy filtered resources, i.e. build is platform dependent!
2023-01-23 17:50:47,338 [Worker-45: Launching ExcelUtils] INFO  o.e.m.c.i.embedder.EclipseLogger - Copying 0 resource
2023-01-23 17:50:47,361 [Worker-45: Launching ExcelUtils] WARN  o.e.m.c.i.embedder.EclipseLogger - Using platform encoding (Cp1252 actually) to copy filtered resources, i.e. build is platform dependent!
2023-01-23 17:50:47,362 [Worker-45: Launching ExcelUtils] INFO  o.e.m.c.i.embedder.EclipseLogger - Copying 0 resource
2023-01-23 17:51:21,511 [Worker-45: Launching ExcelUtils] WARN  o.e.m.c.i.embedder.EclipseLogger - Using platform encoding (Cp1252 actually) to copy filtered resources, i.e. build is platform dependent!
2023-01-23 17:51:21,513 [Worker-45: Launching ExcelUtils] INFO  o.e.m.c.i.embedder.EclipseLogger - Copying 0 resource
2023-01-23 17:51:21,518 [Worker-45: Launching ExcelUtils] WARN  o.e.m.c.i.embedder.EclipseLogger - Using platform encoding (Cp1252 actually) to copy filtered resources, i.e. build is platform dependent!
2023-01-23 17:51:21,519 [Worker-45: Launching ExcelUtils] INFO  o.e.m.c.i.embedder.EclipseLogger - Copying 0 resource
2023-01-23 17:55:06,507 [Worker-47: Launching ExcelUtils] WARN  o.e.m.c.i.embedder.EclipseLogger - Using platform encoding (Cp1252 actually) to copy filtered resources, i.e. build is platform dependent!
2023-01-23 17:55:06,509 [Worker-47: Launching ExcelUtils] INFO  o.e.m.c.i.embedder.EclipseLogger - Copying 0 resource
2023-01-23 17:55:06,513 [Worker-47: Launching ExcelUtils] WARN  o.e.m.c.i.embedder.EclipseLogger - Using platform encoding (Cp1252 actually) to copy filtered resources, i.e. build is platform dependent!
2023-01-23 17:55:06,528 [Worker-47: Launching ExcelUtils] INFO  o.e.m.c.i.embedder.EclipseLogger - Copying 0 resource
2023-01-23 18:16:19,927 [Worker-59: Launching ExcelUtils] WARN  o.e.m.c.i.embedder.EclipseLogger - Using platform encoding (Cp1252 actually) to copy filtered resources, i.e. build is platform dependent!
2023-01-23 18:16:19,930 [Worker-59: Launching ExcelUtils] INFO  o.e.m.c.i.embedder.EclipseLogger - Copying 0 resource
2023-01-23 18:16:19,940 [Worker-59: Launching ExcelUtils] WARN  o.e.m.c.i.embedder.EclipseLogger - Using platform encoding (Cp1252 actually) to copy filtered resources, i.e. build is platform dependent!
2023-01-23 18:16:19,942 [Worker-59: Launching ExcelUtils] INFO  o.e.m.c.i.embedder.EclipseLogger - Copying 0 resource
2023-01-23 18:19:09,288 [Worker-56: Building] WARN  o.e.m.c.i.embedder.EclipseLogger - Using platform encoding (Cp1252 actually) to copy filtered resources, i.e. build is platform dependent!
2023-01-23 18:19:09,291 [Worker-56: Building] INFO  o.e.m.c.i.embedder.EclipseLogger - Copying 0 resource
2023-01-23 18:19:09,295 [Worker-56: Building] WARN  o.e.m.c.i.embedder.EclipseLogger - Using platform encoding (Cp1252 actually) to copy filtered resources, i.e. build is platform dependent!
2023-01-23 18:19:09,297 [Worker-56: Building] INFO  o.e.m.c.i.embedder.EclipseLogger - Copying 0 resource
2023-01-23 18:28:33,899 [Worker-65: Building] WARN  o.e.m.c.i.embedder.EclipseLogger - Using platform encoding (Cp1252 actually) to copy filtered resources, i.e. build is platform dependent!
2023-01-23 18:28:33,900 [Worker-65: Building] INFO  o.e.m.c.i.embedder.EclipseLogger - Copying 0 resource
2023-01-23 18:28:33,903 [Worker-65: Building] WARN  o.e.m.c.i.embedder.EclipseLogger - Using platform encoding (Cp1252 actually) to copy filtered resources, i.e. build is platform dependent!
2023-01-23 18:28:33,904 [Worker-65: Building] INFO  o.e.m.c.i.embedder.EclipseLogger - Copying 0 resource
2023-01-23 18:31:40,909 [Worker-62: Launching ExcelUtilsTest] WARN  o.e.m.c.i.embedder.EclipseLogger - Using platform encoding (Cp1252 actually) to copy filtered resources, i.e. build is platform dependent!
2023-01-23 18:31:40,911 [Worker-62: Launching ExcelUtilsTest] INFO  o.e.m.c.i.embedder.EclipseLogger - Copying 0 resource
2023-01-23 18:31:40,914 [Worker-62: Launching ExcelUtilsTest] WARN  o.e.m.c.i.embedder.EclipseLogger - Using platform encoding (Cp1252 actually) to copy filtered resources, i.e. build is platform dependent!
2023-01-23 18:31:40,916 [Worker-62: Launching ExcelUtilsTest] INFO  o.e.m.c.i.embedder.EclipseLogger - Copying 0 resource
2023-01-23 18:48:00,436 [Worker-65: Launching ExcelUtilsTest] WARN  o.e.m.c.i.embedder.EclipseLogger - Using platform encoding (Cp1252 actually) to copy filtered resources, i.e. build is platform dependent!
2023-01-23 18:48:00,437 [Worker-65: Launching ExcelUtilsTest] INFO  o.e.m.c.i.embedder.EclipseLogger - Copying 0 resource
2023-01-23 18:48:00,441 [Worker-65: Launching ExcelUtilsTest] WARN  o.e.m.c.i.embedder.EclipseLogger - Using platform encoding (Cp1252 actually) to copy filtered resources, i.e. build is platform dependent!
2023-01-23 18:48:00,443 [Worker-65: Launching ExcelUtilsTest] INFO  o.e.m.c.i.embedder.EclipseLogger - Copying 0 resource
2023-01-23 18:48:37,834 [Worker-68: Launching ExcelUtilsTest] WARN  o.e.m.c.i.embedder.EclipseLogger - Using platform encoding (Cp1252 actually) to copy filtered resources, i.e. build is platform dependent!
2023-01-23 18:48:37,835 [Worker-68: Launching ExcelUtilsTest] INFO  o.e.m.c.i.embedder.EclipseLogger - Copying 0 resource
2023-01-23 18:48:37,839 [Worker-68: Launching ExcelUtilsTest] WARN  o.e.m.c.i.embedder.EclipseLogger - Using platform encoding (Cp1252 actually) to copy filtered resources, i.e. build is platform dependent!
2023-01-23 18:48:37,841 [Worker-68: Launching ExcelUtilsTest] INFO  o.e.m.c.i.embedder.EclipseLogger - Copying 0 resource
2023-01-23 19:11:50,163 [Worker-1: Loading available Gradle versions] INFO  o.e.b.c.i.u.g.PublishedGradleVersions - Gradle version information cache is up-to-date. Trying to read.
